Analysis & Synthesis report for exmachine
Fri Oct 25 22:25:56 2013
Quartus II 64-Bit Version 13.0.1 Build 232 06/12/2013 Service Pack 1 SJ Web Edition


---------------------
; Table of Contents ;
---------------------
  1. Legal Notice
  2. Analysis & Synthesis Summary
  3. Analysis & Synthesis Settings
  4. Parallel Compilation
  5. Analysis & Synthesis Source Files Read
  6. Analysis & Synthesis Resource Usage Summary
  7. Analysis & Synthesis Resource Utilization by Entity
  8. Registers Removed During Synthesis
  9. General Register Statistics
 10. Inverted Register Statistics
 11. Multiplexer Restructuring Statistics (Restructuring Performed)
 12. Parameter Settings for Inferred Entity Instance: COUNTEUR_XYR:counterxyr1|lpm_add_sub:Add5
 13. Parameter Settings for Inferred Entity Instance: COUNTEUR_XYR:counterxyr2|lpm_add_sub:Add5
 14. Port Connectivity Checks: "SERVO_GEN:servos"
 15. Elapsed Time Per Partition
 16. Analysis & Synthesis Messages



----------------
; Legal Notice ;
----------------
Copyright (C) 1991-2013 Altera Corporation
Your use of Altera Corporation's design tools, logic functions 
and other software and tools, and its AMPP partner logic 
functions, and any output files from any of the foregoing 
(including device programming or simulation files), and any 
associated documentation or information are expressly subject 
to the terms and conditions of the Altera Program License 
Subscription Agreement, Altera MegaCore Function License 
Agreement, or other applicable license agreement, including, 
without limitation, that your use is for the sole purpose of 
programming logic devices manufactured by Altera and sold by 
Altera or its authorized distributors.  Please refer to the 
applicable agreement for further details.



+--------------------------------------------------------------------------------------+
; Analysis & Synthesis Summary                                                         ;
+------------------------------------+-------------------------------------------------+
; Analysis & Synthesis Status        ; Successful - Fri Oct 25 22:25:56 2013           ;
; Quartus II 64-Bit Version          ; 13.0.1 Build 232 06/12/2013 SP 1 SJ Web Edition ;
; Revision Name                      ; exmachine                                       ;
; Top-level Entity Name              ; exmachine                                       ;
; Family                             ; Cyclone II                                      ;
; Total logic elements               ; 2,748                                           ;
;     Total combinational functions  ; 2,466                                           ;
;     Dedicated logic registers      ; 677                                             ;
; Total registers                    ; 677                                             ;
; Total pins                         ; 38                                              ;
; Total virtual pins                 ; 0                                               ;
; Total memory bits                  ; 0                                               ;
; Embedded Multiplier 9-bit elements ; 0                                               ;
; Total PLLs                         ; 0                                               ;
+------------------------------------+-------------------------------------------------+


+----------------------------------------------------------------------------------------------------------------------+
; Analysis & Synthesis Settings                                                                                        ;
+----------------------------------------------------------------------------+--------------------+--------------------+
; Option                                                                     ; Setting            ; Default Value      ;
+----------------------------------------------------------------------------+--------------------+--------------------+
; Device                                                                     ; EP2C5T144C8        ;                    ;
; Top-level entity name                                                      ; exmachine          ; exmachine          ;
; Family name                                                                ; Cyclone II         ; Cyclone IV GX      ;
; Type of Retiming Performed During Resynthesis                              ; Full               ;                    ;
; Resynthesis Optimization Effort                                            ; Normal             ;                    ;
; Physical Synthesis Level for Resynthesis                                   ; Normal             ;                    ;
; Use Generated Physical Constraints File                                    ; On                 ;                    ;
; Use smart compilation                                                      ; Off                ; Off                ;
; Enable parallel Assembler and TimeQuest Timing Analyzer during compilation ; On                 ; On                 ;
; Enable compact report table                                                ; Off                ; Off                ;
; Restructure Multiplexers                                                   ; Auto               ; Auto               ;
; Create Debugging Nodes for IP Cores                                        ; Off                ; Off                ;
; Preserve fewer node names                                                  ; On                 ; On                 ;
; Disable OpenCore Plus hardware evaluation                                  ; Off                ; Off                ;
; Verilog Version                                                            ; Verilog_2001       ; Verilog_2001       ;
; VHDL Version                                                               ; VHDL_1993          ; VHDL_1993          ;
; State Machine Processing                                                   ; Auto               ; Auto               ;
; Safe State Machine                                                         ; Off                ; Off                ;
; Extract Verilog State Machines                                             ; On                 ; On                 ;
; Extract VHDL State Machines                                                ; On                 ; On                 ;
; Ignore Verilog initial constructs                                          ; Off                ; Off                ;
; Iteration limit for constant Verilog loops                                 ; 5000               ; 5000               ;
; Iteration limit for non-constant Verilog loops                             ; 250                ; 250                ;
; Add Pass-Through Logic to Inferred RAMs                                    ; On                 ; On                 ;
; Infer RAMs from Raw Logic                                                  ; On                 ; On                 ;
; Parallel Synthesis                                                         ; On                 ; On                 ;
; DSP Block Balancing                                                        ; Auto               ; Auto               ;
; NOT Gate Push-Back                                                         ; On                 ; On                 ;
; Power-Up Don't Care                                                        ; On                 ; On                 ;
; Remove Redundant Logic Cells                                               ; Off                ; Off                ;
; Remove Duplicate Registers                                                 ; On                 ; On                 ;
; Ignore CARRY Buffers                                                       ; Off                ; Off                ;
; Ignore CASCADE Buffers                                                     ; Off                ; Off                ;
; Ignore GLOBAL Buffers                                                      ; Off                ; Off                ;
; Ignore ROW GLOBAL Buffers                                                  ; Off                ; Off                ;
; Ignore LCELL Buffers                                                       ; Off                ; Off                ;
; Ignore SOFT Buffers                                                        ; On                 ; On                 ;
; Limit AHDL Integers to 32 Bits                                             ; Off                ; Off                ;
; Optimization Technique                                                     ; Balanced           ; Balanced           ;
; Carry Chain Length                                                         ; 70                 ; 70                 ;
; Auto Carry Chains                                                          ; On                 ; On                 ;
; Auto Open-Drain Pins                                                       ; On                 ; On                 ;
; Perform WYSIWYG Primitive Resynthesis                                      ; Off                ; Off                ;
; Auto ROM Replacement                                                       ; On                 ; On                 ;
; Auto RAM Replacement                                                       ; On                 ; On                 ;
; Auto Shift Register Replacement                                            ; Auto               ; Auto               ;
; Allow Shift Register Merging across Hierarchies                            ; Auto               ; Auto               ;
; Auto Clock Enable Replacement                                              ; On                 ; On                 ;
; Strict RAM Replacement                                                     ; Off                ; Off                ;
; Allow Synchronous Control Signals                                          ; On                 ; On                 ;
; Force Use of Synchronous Clear Signals                                     ; Off                ; Off                ;
; Auto RAM to Logic Cell Conversion                                          ; Off                ; Off                ;
; Auto Resource Sharing                                                      ; Off                ; Off                ;
; Allow Any RAM Size For Recognition                                         ; Off                ; Off                ;
; Allow Any ROM Size For Recognition                                         ; Off                ; Off                ;
; Allow Any Shift Register Size For Recognition                              ; Off                ; Off                ;
; Use LogicLock Constraints during Resource Balancing                        ; On                 ; On                 ;
; Ignore translate_off and synthesis_off directives                          ; Off                ; Off                ;
; Timing-Driven Synthesis                                                    ; Off                ; Off                ;
; Report Parameter Settings                                                  ; On                 ; On                 ;
; Report Source Assignments                                                  ; On                 ; On                 ;
; Report Connectivity Checks                                                 ; On                 ; On                 ;
; Ignore Maximum Fan-Out Assignments                                         ; Off                ; Off                ;
; Synchronization Register Chain Length                                      ; 2                  ; 2                  ;
; PowerPlay Power Optimization                                               ; Normal compilation ; Normal compilation ;
; HDL message level                                                          ; Level2             ; Level2             ;
; Suppress Register Optimization Related Messages                            ; Off                ; Off                ;
; Number of Removed Registers Reported in Synthesis Report                   ; 5000               ; 5000               ;
; Number of Swept Nodes Reported in Synthesis Report                         ; 5000               ; 5000               ;
; Number of Inverted Registers Reported in Synthesis Report                  ; 100                ; 100                ;
; Clock MUX Protection                                                       ; On                 ; On                 ;
; Auto Gated Clock Conversion                                                ; Off                ; Off                ;
; Block Design Naming                                                        ; Auto               ; Auto               ;
; SDC constraint protection                                                  ; Off                ; Off                ;
; Synthesis Effort                                                           ; Auto               ; Auto               ;
; Shift Register Replacement - Allow Asynchronous Clear Signal               ; On                 ; On                 ;
; Pre-Mapping Resynthesis Optimization                                       ; Off                ; Off                ;
; Analysis & Synthesis Message Level                                         ; Medium             ; Medium             ;
; Disable Register Merging Across Hierarchies                                ; Auto               ; Auto               ;
; Resource Aware Inference For Block RAM                                     ; On                 ; On                 ;
; Synthesis Seed                                                             ; 1                  ; 1                  ;
+----------------------------------------------------------------------------+--------------------+--------------------+


Parallel compilation was disabled, but you have multiple processors available. Enable parallel compilation to reduce compilation time.
+-------------------------------------+
; Parallel Compilation                ;
+----------------------------+--------+
; Processors                 ; Number ;
+----------------------------+--------+
; Number detected on machine ; 4      ;
; Maximum allowed            ; 1      ;
+----------------------------+--------+


+-------------------------------------------------------------------------------------------------------------------------------------------------------------------------+
; Analysis & Synthesis Source Files Read                                                                                                                                  ;
+----------------------------------+-----------------+------------------------------+---------------------------------------------------------------------------+---------+
; File Name with User-Entered Path ; Used in Netlist ; File Type                    ; File Name with Absolute Path                                              ; Library ;
+----------------------------------+-----------------+------------------------------+---------------------------------------------------------------------------+---------+
; TIME_GENERATOR.vhd               ; yes             ; User VHDL File               ; C:/Users/Makara/Documents/GitHub/elec_2014/exmachine/TIME_GENERATOR.vhd   ;         ;
; SPI_SLAVE.vhd                    ; yes             ; User VHDL File               ; C:/Users/Makara/Documents/GitHub/elec_2014/exmachine/SPI_SLAVE.vhd        ;         ;
; SERVO_GEN.vhd                    ; yes             ; User VHDL File               ; C:/Users/Makara/Documents/GitHub/elec_2014/exmachine/SERVO_GEN.vhd        ;         ;
; PWM_GEN.vhd                      ; yes             ; User VHDL File               ; C:/Users/Makara/Documents/GitHub/elec_2014/exmachine/PWM_GEN.vhd          ;         ;
; COUNTEUR_XYR.vhd                 ; yes             ; User VHDL File               ; C:/Users/Makara/Documents/GitHub/elec_2014/exmachine/COUNTEUR_XYR.vhd     ;         ;
; COUNTER_ROTATIF.vhd              ; yes             ; User VHDL File               ; C:/Users/Makara/Documents/GitHub/elec_2014/exmachine/COUNTER_ROTATIF.vhd  ;         ;
; exmachine.vhd                    ; yes             ; User VHDL File               ; C:/Users/Makara/Documents/GitHub/elec_2014/exmachine/exmachine.vhd        ;         ;
; lpm_add_sub.tdf                  ; yes             ; Megafunction                 ; c:/altera/13.0sp1/quartus/libraries/megafunctions/lpm_add_sub.tdf         ;         ;
; addcore.inc                      ; yes             ; Megafunction                 ; c:/altera/13.0sp1/quartus/libraries/megafunctions/addcore.inc             ;         ;
; look_add.inc                     ; yes             ; Megafunction                 ; c:/altera/13.0sp1/quartus/libraries/megafunctions/look_add.inc            ;         ;
; bypassff.inc                     ; yes             ; Megafunction                 ; c:/altera/13.0sp1/quartus/libraries/megafunctions/bypassff.inc            ;         ;
; altshift.inc                     ; yes             ; Megafunction                 ; c:/altera/13.0sp1/quartus/libraries/megafunctions/altshift.inc            ;         ;
; alt_stratix_add_sub.inc          ; yes             ; Megafunction                 ; c:/altera/13.0sp1/quartus/libraries/megafunctions/alt_stratix_add_sub.inc ;         ;
; aglobal130.inc                   ; yes             ; Megafunction                 ; c:/altera/13.0sp1/quartus/libraries/megafunctions/aglobal130.inc          ;         ;
; db/add_sub_7ri.tdf               ; yes             ; Auto-Generated Megafunction  ; C:/Users/Makara/Documents/GitHub/elec_2014/exmachine/db/add_sub_7ri.tdf   ;         ;
+----------------------------------+-----------------+------------------------------+---------------------------------------------------------------------------+---------+


+-----------------------------------------------------+
; Analysis & Synthesis Resource Usage Summary         ;
+---------------------------------------------+-------+
; Resource                                    ; Usage ;
+---------------------------------------------+-------+
; Estimated Total logic elements              ; 2,748 ;
;                                             ;       ;
; Total combinational functions               ; 2466  ;
; Logic element usage by number of LUT inputs ;       ;
;     -- 4 input functions                    ; 1681  ;
;     -- 3 input functions                    ; 375   ;
;     -- <=2 input functions                  ; 410   ;
;                                             ;       ;
; Logic elements by mode                      ;       ;
;     -- normal mode                          ; 2010  ;
;     -- arithmetic mode                      ; 456   ;
;                                             ;       ;
; Total registers                             ; 677   ;
;     -- Dedicated logic registers            ; 677   ;
;     -- I/O registers                        ; 0     ;
;                                             ;       ;
; I/O pins                                    ; 38    ;
; Embedded Multiplier 9-bit elements          ; 0     ;
; Maximum fan-out node                        ; RESET ;
; Maximum fan-out                             ; 656   ;
; Total fan-out                               ; 11128 ;
; Average fan-out                             ; 3.50  ;
+---------------------------------------------+-------+


+----------------------------------------------------------------------------------------------------------------------------------------------------------------------------------------------------------------------------------------------------+
; Analysis & Synthesis Resource Utilization by Entity                                                                                                                                                                                                ;
+---------------------------------------+-------------------+--------------+-------------+--------------+---------+-----------+------+--------------+---------------------------------------------------------------------------------+--------------+
; Compilation Hierarchy Node            ; LC Combinationals ; LC Registers ; Memory Bits ; DSP Elements ; DSP 9x9 ; DSP 18x18 ; Pins ; Virtual Pins ; Full Hierarchy Name                                                             ; Library Name ;
+---------------------------------------+-------------------+--------------+-------------+--------------+---------+-----------+------+--------------+---------------------------------------------------------------------------------+--------------+
; |exmachine                            ; 2466 (347)        ; 677 (272)    ; 0           ; 0            ; 0       ; 0         ; 38   ; 0            ; |exmachine                                                                      ; work         ;
;    |COUNTER_ROTATIF:counterrot1|      ; 8 (8)             ; 9 (9)        ; 0           ; 0            ; 0       ; 0         ; 0    ; 0            ; |exmachine|COUNTER_ROTATIF:counterrot1                                          ; work         ;
;    |COUNTER_ROTATIF:counterrot2|      ; 8 (8)             ; 9 (9)        ; 0           ; 0            ; 0       ; 0         ; 0    ; 0            ; |exmachine|COUNTER_ROTATIF:counterrot2                                          ; work         ;
;    |COUNTER_ROTATIF:counterrot3|      ; 8 (8)             ; 9 (9)        ; 0           ; 0            ; 0       ; 0         ; 0    ; 0            ; |exmachine|COUNTER_ROTATIF:counterrot3                                          ; work         ;
;    |COUNTER_ROTATIF:counterrot4|      ; 8 (8)             ; 9 (9)        ; 0           ; 0            ; 0       ; 0         ; 0    ; 0            ; |exmachine|COUNTER_ROTATIF:counterrot4                                          ; work         ;
;    |COUNTEUR_XYR:counterxyr1|         ; 913 (869)         ; 100 (100)    ; 0           ; 0            ; 0       ; 0         ; 0    ; 0            ; |exmachine|COUNTEUR_XYR:counterxyr1                                             ; work         ;
;       |lpm_add_sub:Add5|              ; 44 (0)            ; 0 (0)        ; 0           ; 0            ; 0       ; 0         ; 0    ; 0            ; |exmachine|COUNTEUR_XYR:counterxyr1|lpm_add_sub:Add5                            ; work         ;
;          |add_sub_7ri:auto_generated| ; 44 (44)           ; 0 (0)        ; 0           ; 0            ; 0       ; 0         ; 0    ; 0            ; |exmachine|COUNTEUR_XYR:counterxyr1|lpm_add_sub:Add5|add_sub_7ri:auto_generated ; work         ;
;    |COUNTEUR_XYR:counterxyr2|         ; 914 (870)         ; 100 (100)    ; 0           ; 0            ; 0       ; 0         ; 0    ; 0            ; |exmachine|COUNTEUR_XYR:counterxyr2                                             ; work         ;
;       |lpm_add_sub:Add5|              ; 44 (0)            ; 0 (0)        ; 0           ; 0            ; 0       ; 0         ; 0    ; 0            ; |exmachine|COUNTEUR_XYR:counterxyr2|lpm_add_sub:Add5                            ; work         ;
;          |add_sub_7ri:auto_generated| ; 44 (44)           ; 0 (0)        ; 0           ; 0            ; 0       ; 0         ; 0    ; 0            ; |exmachine|COUNTEUR_XYR:counterxyr2|lpm_add_sub:Add5|add_sub_7ri:auto_generated ; work         ;
;    |PWM_GEN:pwm|                      ; 81 (81)           ; 36 (36)      ; 0           ; 0            ; 0       ; 0         ; 0    ; 0            ; |exmachine|PWM_GEN:pwm                                                          ; work         ;
;    |SPI_SLAVE:spi|                    ; 23 (23)           ; 27 (27)      ; 0           ; 0            ; 0       ; 0         ; 0    ; 0            ; |exmachine|SPI_SLAVE:spi                                                        ; work         ;
;    |TIME_GENERATOR:timer|             ; 156 (156)         ; 106 (106)    ; 0           ; 0            ; 0       ; 0         ; 0    ; 0            ; |exmachine|TIME_GENERATOR:timer                                                 ; work         ;
+---------------------------------------+-------------------+--------------+-------------+--------------+---------+-----------+------+--------------+---------------------------------------------------------------------------------+--------------+
Note: For table entries with two numbers listed, the numbers in parentheses indicate the number of resources of the given type used by the specific entity alone. The numbers listed outside of parentheses indicate the total resources of the given type used by the specific entity and all of its sub-entities in the hierarchy.


+-------------------------------------------------------------+
; Registers Removed During Synthesis                          ;
+----------------------------------------+--------------------+
; Register name                          ; Reason for Removal ;
+----------------------------------------+--------------------+
; TIME_GENERATOR:timer|int_sec[10..31]   ; Lost fanout        ;
; Total Number of Removed Registers = 22 ;                    ;
+----------------------------------------+--------------------+


+------------------------------------------------------+
; General Register Statistics                          ;
+----------------------------------------------+-------+
; Statistic                                    ; Value ;
+----------------------------------------------+-------+
; Total registers                              ; 677   ;
; Number of registers using Synchronous Clear  ; 128   ;
; Number of registers using Synchronous Load   ; 8     ;
; Number of registers using Asynchronous Clear ; 419   ;
; Number of registers using Asynchronous Load  ; 0     ;
; Number of registers using Clock Enable       ; 559   ;
; Number of registers using Preset             ; 0     ;
+----------------------------------------------+-------+


+---------------------------------------------------+
; Inverted Register Statistics                      ;
+-----------------------------------------+---------+
; Inverted Register                       ; Fan out ;
+-----------------------------------------+---------+
; COUNTEUR_XYR:counterxyr1|intPosX[0]     ; 1       ;
; CONFIGS[29][0]                          ; 3       ;
; CONFIGS[31][0]                          ; 3       ;
; CONFIGS[28][4]                          ; 3       ;
; CONFIGS[28][3]                          ; 3       ;
; CONFIGS[29][7]                          ; 3       ;
; CONFIGS[29][6]                          ; 3       ;
; CONFIGS[29][5]                          ; 3       ;
; CONFIGS[29][4]                          ; 3       ;
; CONFIGS[29][1]                          ; 3       ;
; COUNTEUR_XYR:counterxyr1|intRot[0]      ; 3       ;
; COUNTEUR_XYR:counterxyr1|intRot[31]     ; 11      ;
; CONFIGS[31][5]                          ; 3       ;
; COUNTEUR_XYR:counterxyr1|intPosY[31]    ; 2       ;
; COUNTEUR_XYR:counterxyr1|intPosX[31]    ; 2       ;
; COUNTEUR_XYR:counterxyr2|intPosY[31]    ; 2       ;
; COUNTEUR_XYR:counterxyr2|intPosX[31]    ; 2       ;
; CONFIGS[31][6]                          ; 3       ;
; CONFIGS[30][4]                          ; 3       ;
; CONFIGS[31][4]                          ; 3       ;
; CONFIGS[31][7]                          ; 3       ;
; CONFIGS[31][1]                          ; 3       ;
; COUNTEUR_XYR:counterxyr2|intPosX[0]     ; 1       ;
; CONFIGS[30][3]                          ; 3       ;
; COUNTEUR_XYR:counterxyr2|intRot[0]      ; 3       ;
; COUNTEUR_XYR:counterxyr1|intPosY[0]     ; 1       ;
; COUNTEUR_XYR:counterxyr2|intPosY[0]     ; 1       ;
; COUNTEUR_XYR:counterxyr2|intRot[31]     ; 11      ;
; Total number of inverted registers = 28 ;         ;
+-----------------------------------------+---------+


+-----------------------------------------------------------------------------------------------------------------------------------------------------------------+
; Multiplexer Restructuring Statistics (Restructuring Performed)                                                                                                  ;
+--------------------+-----------+---------------+----------------------+------------------------+------------+---------------------------------------------------+
; Multiplexer Inputs ; Bus Width ; Baseline Area ; Area if Restructured ; Saving if Restructured ; Registered ; Example Multiplexer Output                        ;
+--------------------+-----------+---------------+----------------------+------------------------+------------+---------------------------------------------------+
; 5:1                ; 2 bits    ; 6 LEs         ; 2 LEs                ; 4 LEs                  ; Yes        ; |exmachine|COUNTER_ROTATIF:counterrot2|BUFFOUT[1] ;
; 5:1                ; 2 bits    ; 6 LEs         ; 2 LEs                ; 4 LEs                  ; Yes        ; |exmachine|COUNTER_ROTATIF:counterrot4|BUFFOUT[0] ;
; 5:1                ; 2 bits    ; 6 LEs         ; 2 LEs                ; 4 LEs                  ; Yes        ; |exmachine|COUNTER_ROTATIF:counterrot1|BUFFOUT[1] ;
; 5:1                ; 2 bits    ; 6 LEs         ; 2 LEs                ; 4 LEs                  ; Yes        ; |exmachine|COUNTER_ROTATIF:counterrot3|BUFFOUT[1] ;
; 9:1                ; 30 bits   ; 180 LEs       ; 30 LEs               ; 150 LEs                ; Yes        ; |exmachine|COUNTEUR_XYR:counterxyr1|intPosX[3]    ;
; 9:1                ; 30 bits   ; 180 LEs       ; 30 LEs               ; 150 LEs                ; Yes        ; |exmachine|COUNTEUR_XYR:counterxyr2|intPosX[16]   ;
; 10:1               ; 18 bits   ; 108 LEs       ; 36 LEs               ; 72 LEs                 ; Yes        ; |exmachine|COUNTEUR_XYR:counterxyr1|intRot[2]     ;
; 10:1               ; 18 bits   ; 108 LEs       ; 36 LEs               ; 72 LEs                 ; Yes        ; |exmachine|COUNTEUR_XYR:counterxyr2|intRot[12]    ;
; 67:1               ; 2 bits    ; 88 LEs        ; 64 LEs               ; 24 LEs                 ; Yes        ; |exmachine|DATAMISO[6]                            ;
; 67:1               ; 4 bits    ; 176 LEs       ; 136 LEs              ; 40 LEs                 ; Yes        ; |exmachine|DATAMISO[5]                            ;
; 10:1               ; 30 bits   ; 180 LEs       ; 60 LEs               ; 120 LEs                ; Yes        ; |exmachine|COUNTEUR_XYR:counterxyr1|intPosY[11]   ;
; 10:1               ; 30 bits   ; 180 LEs       ; 60 LEs               ; 120 LEs                ; Yes        ; |exmachine|COUNTEUR_XYR:counterxyr2|intPosY[24]   ;
; 12:1               ; 12 bits   ; 96 LEs        ; 36 LEs               ; 60 LEs                 ; Yes        ; |exmachine|COUNTEUR_XYR:counterxyr1|intRot[24]    ;
; 12:1               ; 12 bits   ; 96 LEs        ; 36 LEs               ; 60 LEs                 ; Yes        ; |exmachine|COUNTEUR_XYR:counterxyr2|intRot[22]    ;
; 9:1                ; 2 bits    ; 12 LEs        ; 2 LEs                ; 10 LEs                 ; Yes        ; |exmachine|COUNTEUR_XYR:counterxyr1|intPosX[0]    ;
; 9:1                ; 2 bits    ; 12 LEs        ; 2 LEs                ; 10 LEs                 ; Yes        ; |exmachine|COUNTEUR_XYR:counterxyr2|intPosX[0]    ;
; 10:1               ; 2 bits    ; 12 LEs        ; 4 LEs                ; 8 LEs                  ; Yes        ; |exmachine|COUNTEUR_XYR:counterxyr1|intPosY[31]   ;
; 10:1               ; 2 bits    ; 12 LEs        ; 4 LEs                ; 8 LEs                  ; Yes        ; |exmachine|COUNTEUR_XYR:counterxyr2|intPosY[31]   ;
; 4:1                ; 11 bits   ; 22 LEs        ; 11 LEs               ; 11 LEs                 ; No         ; |exmachine|COUNTEUR_XYR:counterxyr1|Add2          ;
; 4:1                ; 11 bits   ; 22 LEs        ; 11 LEs               ; 11 LEs                 ; No         ; |exmachine|COUNTEUR_XYR:counterxyr2|Add2          ;
+--------------------+-----------+---------------+----------------------+------------------------+------------+---------------------------------------------------+


+--------------------------------------------------------------------------------------------+
; Parameter Settings for Inferred Entity Instance: COUNTEUR_XYR:counterxyr1|lpm_add_sub:Add5 ;
+------------------------+-------------+-----------------------------------------------------+
; Parameter Name         ; Value       ; Type                                                ;
+------------------------+-------------+-----------------------------------------------------+
; LPM_WIDTH              ; 32          ; Untyped                                             ;
; LPM_REPRESENTATION     ; UNSIGNED    ; Untyped                                             ;
; LPM_DIRECTION          ; DEFAULT     ; Untyped                                             ;
; ONE_INPUT_IS_CONSTANT  ; NO          ; Untyped                                             ;
; LPM_PIPELINE           ; 0           ; Untyped                                             ;
; MAXIMIZE_SPEED         ; 5           ; Untyped                                             ;
; REGISTERED_AT_END      ; 0           ; Untyped                                             ;
; OPTIMIZE_FOR_SPEED     ; 5           ; Untyped                                             ;
; USE_CS_BUFFERS         ; 1           ; Untyped                                             ;
; CARRY_CHAIN            ; MANUAL      ; Untyped                                             ;
; CARRY_CHAIN_LENGTH     ; 48          ; CARRY_CHAIN_LENGTH                                  ;
; DEVICE_FAMILY          ; Cyclone II  ; Untyped                                             ;
; USE_WYS                ; OFF         ; Untyped                                             ;
; STYLE                  ; FAST        ; Untyped                                             ;
; CBXI_PARAMETER         ; add_sub_7ri ; Untyped                                             ;
; AUTO_CARRY_CHAINS      ; ON          ; AUTO_CARRY                                          ;
; IGNORE_CARRY_BUFFERS   ; OFF         ; IGNORE_CARRY                                        ;
; AUTO_CASCADE_CHAINS    ; ON          ; AUTO_CASCADE                                        ;
; IGNORE_CASCADE_BUFFERS ; OFF         ; IGNORE_CASCADE                                      ;
+------------------------+-------------+-----------------------------------------------------+
Note: In order to hide this table in the UI and the text report file, please set the "Show Parameter Settings in Synthesis Report" option in "Analysis and Synthesis Settings -> More Settings" to "Off".


+--------------------------------------------------------------------------------------------+
; Parameter Settings for Inferred Entity Instance: COUNTEUR_XYR:counterxyr2|lpm_add_sub:Add5 ;
+------------------------+-------------+-----------------------------------------------------+
; Parameter Name         ; Value       ; Type                                                ;
+------------------------+-------------+-----------------------------------------------------+
; LPM_WIDTH              ; 32          ; Untyped                                             ;
; LPM_REPRESENTATION     ; UNSIGNED    ; Untyped                                             ;
; LPM_DIRECTION          ; DEFAULT     ; Untyped                                             ;
; ONE_INPUT_IS_CONSTANT  ; NO          ; Untyped                                             ;
; LPM_PIPELINE           ; 0           ; Untyped                                             ;
; MAXIMIZE_SPEED         ; 5           ; Untyped                                             ;
; REGISTERED_AT_END      ; 0           ; Untyped                                             ;
; OPTIMIZE_FOR_SPEED     ; 5           ; Untyped                                             ;
; USE_CS_BUFFERS         ; 1           ; Untyped                                             ;
; CARRY_CHAIN            ; MANUAL      ; Untyped                                             ;
; CARRY_CHAIN_LENGTH     ; 48          ; CARRY_CHAIN_LENGTH                                  ;
; DEVICE_FAMILY          ; Cyclone II  ; Untyped                                             ;
; USE_WYS                ; OFF         ; Untyped                                             ;
; STYLE                  ; FAST        ; Untyped                                             ;
; CBXI_PARAMETER         ; add_sub_7ri ; Untyped                                             ;
; AUTO_CARRY_CHAINS      ; ON          ; AUTO_CARRY                                          ;
; IGNORE_CARRY_BUFFERS   ; OFF         ; IGNORE_CARRY                                        ;
; AUTO_CASCADE_CHAINS    ; ON          ; AUTO_CASCADE                                        ;
; IGNORE_CASCADE_BUFFERS ; OFF         ; IGNORE_CASCADE                                      ;
+------------------------+-------------+-----------------------------------------------------+
Note: In order to hide this table in the UI and the text report file, please set the "Show Parameter Settings in Synthesis Report" option in "Analysis and Synthesis Settings -> More Settings" to "Off".


+----------------------------------------------------------------------------------------------------------------+
; Port Connectivity Checks: "SERVO_GEN:servos"                                                                   ;
+------+--------+----------+-------------------------------------------------------------------------------------+
; Port ; Type   ; Severity ; Details                                                                             ;
+------+--------+----------+-------------------------------------------------------------------------------------+
; pwm  ; Output ; Info     ; Connected to dangling logic. Logic that only feeds a dangling port will be removed. ;
+------+--------+----------+-------------------------------------------------------------------------------------+


+-------------------------------+
; Elapsed Time Per Partition    ;
+----------------+--------------+
; Partition Name ; Elapsed Time ;
+----------------+--------------+
; Top            ; 00:00:27     ;
+----------------+--------------+


+-------------------------------+
; Analysis & Synthesis Messages ;
+-------------------------------+
Info: *******************************************************************
Info: Running Quartus II 64-Bit Analysis & Synthesis
    Info: Version 13.0.1 Build 232 06/12/2013 Service Pack 1 SJ Web Edition
    Info: Processing started: Fri Oct 25 22:25:26 2013
Info: Command: quartus_map --read_settings_files=on --write_settings_files=off exmachine -c exmachine
Warning (20028): Parallel compilation is not licensed and has been disabled
Info (12021): Found 2 design units, including 1 entities, in source file time_generator.vhd
    Info (12022): Found design unit 1: TIME_GENERATOR-Behavioral
    Info (12023): Found entity 1: TIME_GENERATOR
Info (12021): Found 2 design units, including 1 entities, in source file spi_slave.vhd
    Info (12022): Found design unit 1: SPI_SLAVE-Behavioral
    Info (12023): Found entity 1: SPI_SLAVE
Info (12021): Found 2 design units, including 1 entities, in source file servo_gen.vhd
    Info (12022): Found design unit 1: SERVO_GEN-Behavioral
    Info (12023): Found entity 1: SERVO_GEN
Info (12021): Found 2 design units, including 1 entities, in source file pwm_gen.vhd
    Info (12022): Found design unit 1: PWM_GEN-Behavioral
    Info (12023): Found entity 1: PWM_GEN
Info (12021): Found 2 design units, including 1 entities, in source file counteur_xyr.vhd
    Info (12022): Found design unit 1: COUNTEUR_XYR-Behavioral
    Info (12023): Found entity 1: COUNTEUR_XYR
Info (12021): Found 2 design units, including 1 entities, in source file counter_rotatif.vhd
    Info (12022): Found design unit 1: COUNTER_ROTATIF-Behavioral
    Info (12023): Found entity 1: COUNTER_ROTATIF
Info (12021): Found 2 design units, including 1 entities, in source file exmachine.vhd
    Info (12022): Found design unit 1: exmachine-comportement
    Info (12023): Found entity 1: exmachine
Info (12021): Found 2 design units, including 1 entities, in source file paralel_slave.vhd
    Info (12022): Found design unit 1: PARALEL_SLAVE-Behavioral
    Info (12023): Found entity 1: PARALEL_SLAVE
Info (12127): Elaborating entity "exmachine" for the top level hierarchy
Warning (10036): Verilog HDL or VHDL warning at exmachine.vhd(118): object "SERVO_replace" assigned a value but never read
Warning (10027): Verilog HDL or VHDL warning at the exmachine.vhd(311): index expression is not wide enough to address all of the elements in the array
Info (12128): Elaborating entity "COUNTEUR_XYR" for hierarchy "COUNTEUR_XYR:counterxyr1"
Info (12128): Elaborating entity "COUNTER_ROTATIF" for hierarchy "COUNTER_ROTATIF:counterrot1"
Info (12128): Elaborating entity "SPI_SLAVE" for hierarchy "SPI_SLAVE:spi"
Warning (10492): VHDL Process Statement warning at SPI_SLAVE.vhd(41): signal "CS" is read inside the Process Statement but isn't in the Process Statement's sensitivity list
Info (12128): Elaborating entity "PWM_GEN" for hierarchy "PWM_GEN:pwm"
Info (12128): Elaborating entity "TIME_GENERATOR" for hierarchy "TIME_GENERATOR:timer"
Info (12128): Elaborating entity "SERVO_GEN" for hierarchy "SERVO_GEN:servos"
Warning (113028): 152 out of 512 addresses are uninitialized. The Quartus II software will initialize them to "0". There are 1 warnings found, and 1 warnings are reported.
    Warning (113027): Addresses ranging from 360 to 511 are not initialized
Warning (113028): 152 out of 512 addresses are uninitialized. The Quartus II software will initialize them to "0". There are 1 warnings found, and 1 warnings are reported.
    Warning (113027): Addresses ranging from 360 to 511 are not initialized
Info (278001): Inferred 2 megafunctions from design logic
    Info (278002): Inferred adder/subtractor megafunction ("lpm_add_sub") from the following logic: "COUNTEUR_XYR:counterxyr1|Add5"
    Info (278002): Inferred adder/subtractor megafunction ("lpm_add_sub") from the following logic: "COUNTEUR_XYR:counterxyr2|Add5"
Info (12130): Elaborated megafunction instantiation "COUNTEUR_XYR:counterxyr1|lpm_add_sub:Add5"
Info (12133): Instantiated megafunction "COUNTEUR_XYR:counterxyr1|lpm_add_sub:Add5" with the following parameter:
    Info (12134): Parameter "LPM_WIDTH" = "32"
    Info (12134): Parameter "LPM_DIRECTION" = "DEFAULT"
    Info (12134): Parameter "LPM_REPRESENTATION" = "UNSIGNED"
    Info (12134): Parameter "ONE_INPUT_IS_CONSTANT" = "NO"
Info (12021): Found 1 design units, including 1 entities, in source file db/add_sub_7ri.tdf
    Info (12023): Found entity 1: add_sub_7ri
Info (13000): Registers with preset signals will power-up high
Info (13003): DEV_CLRn pin will set, and not reset, register with preset signal due to NOT Gate Push-Back
Warning (13024): Output pins are stuck at VCC or GND
    Warning (13410): Pin "SERVO[8]" is stuck at GND
    Warning (13410): Pin "SERVO[9]" is stuck at GND
    Warning (13410): Pin "SERVO[10]" is stuck at GND
    Warning (13410): Pin "SERVO[11]" is stuck at GND
    Warning (13410): Pin "SERVO[12]" is stuck at GND
    Warning (13410): Pin "SERVO[13]" is stuck at GND
    Warning (13410): Pin "SERVO[14]" is stuck at GND
    Warning (13410): Pin "SERVO[15]" is stuck at GND
Critical Warning (18061): Ignored Power-Up Level option on the following registers
    Critical Warning (18010): Register PWM_GEN:pwm|compteur[31] will power up to Low
    Critical Warning (18010): Register PWM_GEN:pwm|compteur[0] will power up to Low
    Critical Warning (18010): Register TIME_GENERATOR:timer|int_sec[0] will power up to Low
    Critical Warning (18010): Register TIME_GENERATOR:timer|int_milis[0] will power up to Low
    Critical Warning (18010): Register TIME_GENERATOR:timer|int_micros[0] will power up to Low
    Critical Warning (18010): Register TIME_GENERATOR:timer|compteur[31] will power up to Low
    Critical Warning (18010): Register TIME_GENERATOR:timer|compteur[0] will power up to Low
    Critical Warning (18010): Register TIME_GENERATOR:timer|int_milis[31] will power up to Low
    Critical Warning (18010): Register TIME_GENERATOR:timer|int_micros[31] will power up to Low
Info (17049): 22 registers lost all their fanouts during netlist optimizations.
Info (16010): Generating hard_block partition "hard_block:auto_generated_inst"
    Info (16011): Adding 0 node(s), including 0 DDIO, 0 PLL, 0 transceiver and 0 LCELL
Info (21057): Implemented 2786 device resources after synthesis - the final resource count might be different
    Info (21058): Implemented 13 input pins
    Info (21059): Implemented 25 output pins
    Info (21061): Implemented 2748 logic cells
Info: Quartus II 64-Bit Analysis & Synthesis was successful. 0 errors, 27 warnings
    Info: Peak virtual memory: 528 megabytes
    Info: Processing ended: Fri Oct 25 22:25:56 2013
    Info: Elapsed time: 00:00:30
    Info: Total CPU time (on all processors): 00:00:30


