Info: Read atom netlist
Info: Directory C:/Users/Makara/Documents/GitHub/elec_2014/exmachine/board/fpgaxchange exists --if you continue the contents of the directory may be overwritten
Info: Generating FPGA Xchange file C:/Users/Makara/Documents/GitHub/elec_2014/exmachine/board/fpgaxchange/exmachine.fx
Info: Atom 4574 (DATA[0]) has key 'bidir,3.3-V LVTTL,24,Off,Off,--,0,--,0,--,--'
Info: Atom 4575 (DATA[1]) has key 'bidir,3.3-V LVTTL,24,Off,Off,--,0,--,0,--,--'
Info: Atom 4576 (DATA[2]) has key 'bidir,3.3-V LVTTL,24,Off,Off,--,0,--,0,--,--'
Info: Atom 4577 (DATA[3]) has key 'bidir,3.3-V LVTTL,24,Off,Off,--,0,--,0,--,--'
Info: Atom 4578 (DATA[4]) has key 'bidir,3.3-V LVTTL,24,Off,Off,--,0,--,0,--,--'
Info: Atom 4579 (DATA[5]) has key 'bidir,3.3-V LVTTL,24,Off,Off,--,0,--,0,--,--'
Info: Atom 4580 (DATA[6]) has key 'bidir,3.3-V LVTTL,24,Off,Off,--,0,--,0,--,--'
Info: Atom 4581 (DATA[7]) has key 'bidir,3.3-V LVTTL,24,Off,Off,--,0,--,0,--,--'
Info: Atom 4584 (ALE) has key 'input,3.3-V LVTTL,--,--,Off,--,0,--,0,--,--'
Info: Atom 4585 (DIRBUF1) has key 'output,3.3-V LVTTL,24,Off,--,--,0,--,0,--,--'
Info: Atom 4586 (DIRBUF2) has key 'output,3.3-V LVTTL,24,Off,--,--,0,--,0,--,--'
Info: Atom 4587 (MOT1[0]) has key 'output,3.3-V LVTTL,24,Off,--,--,0,--,0,--,--'
Info: Atom 4588 (MOT1[1]) has key 'output,3.3-V LVTTL,24,Off,--,--,0,--,0,--,--'
Info: Atom 4589 (MOT2[0]) has key 'output,3.3-V LVTTL,24,Off,--,--,0,--,0,--,--'
Info: Atom 4590 (MOT2[1]) has key 'output,3.3-V LVTTL,24,Off,--,--,0,--,0,--,--'
Info: Atom 4591 (SERVO[0]) has key 'output,3.3-V LVTTL,24,Off,--,--,0,--,0,--,--'
Info: Atom 4592 (SERVO[1]) has key 'output,3.3-V LVTTL,24,Off,--,--,0,--,0,--,--'
Info: Atom 4593 (SERVO[2]) has key 'output,3.3-V LVTTL,24,Off,--,--,0,--,0,--,--'
Info: Atom 4594 (SERVO[3]) has key 'output,3.3-V LVTTL,24,Off,--,--,0,--,0,--,--'
Info: Atom 4595 (SERVO[4]) has key 'output,3.3-V LVTTL,24,Off,--,--,0,--,0,--,--'
Info: Atom 4596 (SERVO[5]) has key 'output,3.3-V LVTTL,24,Off,--,--,0,--,0,--,--'
Info: Atom 4597 (SERVO[6]) has key 'output,3.3-V LVTTL,24,Off,--,--,0,--,0,--,--'
Info: Atom 4598 (SERVO[7]) has key 'output,3.3-V LVTTL,24,Off,--,--,0,--,0,--,--'
Info: Atom 4599 (SERVO[8]) has key 'output,3.3-V LVTTL,24,Off,--,--,0,--,0,--,--'
Info: Atom 4600 (SERVO[9]) has key 'output,3.3-V LVTTL,24,Off,--,--,0,--,0,--,--'
Info: Atom 4601 (SERVO[10]) has key 'output,3.3-V LVTTL,24,Off,--,--,0,--,0,--,--'
Info: Atom 4602 (SERVO[11]) has key 'output,3.3-V LVTTL,24,Off,--,--,0,--,0,--,--'
Info: Atom 4603 (SERVO[12]) has key 'output,3.3-V LVTTL,24,Off,--,--,0,--,0,--,--'
Info: Atom 4604 (SERVO[13]) has key 'output,3.3-V LVTTL,24,Off,--,--,0,--,0,--,--'
Info: Atom 4605 (SERVO[14]) has key 'output,3.3-V LVTTL,24,Off,--,--,0,--,0,--,--'
Info: Atom 4606 (SERVO[15]) has key 'output,3.3-V LVTTL,24,Off,--,--,0,--,0,--,--'
Info: Atom 4607 (CODEUR1[0]) has key 'input,3.3-V LVTTL,--,--,Off,--,0,--,0,--,--'
Info: Atom 4608 (CODEUR1[1]) has key 'input,3.3-V LVTTL,--,--,Off,--,0,--,0,--,--'
Info: Atom 4609 (CODEUR3[0]) has key 'input,3.3-V LVTTL,--,--,Off,--,0,--,0,--,--'
Info: Atom 4610 (CODEUR3[1]) has key 'input,3.3-V LVTTL,--,--,Off,--,0,--,0,--,--'
Info: Atom 4611 (CODEUR4[0]) has key 'input,3.3-V LVTTL,--,--,Off,--,0,--,0,--,--'
Info: Atom 4612 (CODEUR4[1]) has key 'input,3.3-V LVTTL,--,--,Off,--,0,--,0,--,--'
Info: Atom 4613 (LED) has key 'output,3.3-V LVTTL,24,Off,--,--,0,--,0,--,--'
Info: Atom 4614 (WR) has key 'input,3.3-V LVTTL,--,--,Off,--,0,--,0,--,--'
Info: Atom 4615 (H) has key 'input,3.3-V LVTTL,--,--,Off,--,0,--,0,--,--'
Info: Atom 4616 (RESET) has key 'input,3.3-V LVTTL,--,--,Off,--,0,--,0,--,--'
Info: Atom 4617 (RD) has key 'input,3.3-V LVTTL,--,--,Off,--,0,--,0,--,--'
Info: Atom 4618 (ADDR[7]) has key 'input,3.3-V LVTTL,--,--,Off,--,0,--,0,--,--'
Info: Atom 4619 (ADDR[0]) has key 'input,3.3-V LVTTL,--,--,Off,--,0,--,0,--,--'
Info: Atom 4620 (ADDR[1]) has key 'input,3.3-V LVTTL,--,--,Off,--,0,--,0,--,--'
Info: Atom 4621 (ADDR[2]) has key 'input,3.3-V LVTTL,--,--,Off,--,0,--,0,--,--'
Info: Atom 4622 (ADDR[3]) has key 'input,3.3-V LVTTL,--,--,Off,--,0,--,0,--,--'
Info: Atom 4623 (ADDR[4]) has key 'input,3.3-V LVTTL,--,--,Off,--,0,--,0,--,--'
Info: Atom 4624 (ADDR[5]) has key 'input,3.3-V LVTTL,--,--,Off,--,0,--,0,--,--'
Info: Atom 4625 (ADDR[6]) has key 'input,3.3-V LVTTL,--,--,Off,--,0,--,0,--,--'
Info: Atom 4626 (CODEUR2[0]) has key 'input,3.3-V LVTTL,--,--,Off,--,0,--,0,--,--'
Info: Atom 4627 (CODEUR2[1]) has key 'input,3.3-V LVTTL,--,--,Off,--,0,--,0,--,--'
Info: FPGA Xchange file C:/Users/Makara/Documents/GitHub/elec_2014/exmachine/board/fpgaxchange/exmachine.fx generated successfully
